<?xml version="1.0" encoding="UTF-8"?>
<!-- Generated by org.testng.reporters.JUnitReportReporter -->
<testsuite hostname="DSCHD-015" name="TestingXperts.smartshow.tests.TC_SS002" tests="1" failures="0" timestamp="8 Nov 2016 06:13:12 GMT" time="45.287" errors="0">
  <testcase name="TC_SS002_Test" time="45.287" classname="TestingXperts.smartshow.tests.TC_SS002"/>
</testsuite> <!-- TestingXperts.smartshow.tests.TC_SS002 -->
