<?xml version="1.0" encoding="UTF-8"?>
<!-- Generated by org.testng.reporters.JUnitReportReporter -->
<testsuite skipped="0" hostname="DSCHD-015" name="TestingXperts.smartshow.tests.TC_SS001" tests="1" failures="0" timestamp="16 Nov 2016 09:31:43 GMT" time="11.859" errors="0">
  <testcase name="TC_SS001_Test" time="11.859" classname="TestingXperts.smartshow.tests.TC_SS001"/>
</testsuite> <!-- TestingXperts.smartshow.tests.TC_SS001 -->
