<?xml version="1.0" encoding="UTF-8"?>
<!-- Generated by org.testng.reporters.JUnitReportReporter -->
<testsuite hostname="DSCHD-015" name="suite.runner.CustomSuiteRunner" tests="1" failures="0" timestamp="8 Nov 2016 06:52:00 GMT" time="55.609" errors="0">
  <testcase name="suiteRunner" time="55.609" classname="suite.runner.CustomSuiteRunner"/>
</testsuite> <!-- suite.runner.CustomSuiteRunner -->
