<?xml version="1.0" encoding="UTF-8"?>
<<<<<<< HEAD
<!-- Generated by org.testng.reporters.JUnitReportReporter -->
<testsuite hostname="DSCHD-015" name="suite.runner.CustomSuiteRunner" tests="1" failures="0" timestamp="8 Nov 2016 06:52:00 GMT" time="55.609" errors="0">
  <testcase name="suiteRunner" time="55.609" classname="suite.runner.CustomSuiteRunner"/>
=======
<!-- Generated by org.testng.reporters.JUnitReportReporter -->
<testsuite hostname="DSCHD-015" name="suite.runner.CustomSuiteRunner" tests="1" failures="0" timestamp="9 Nov 2016 12:45:57 GMT" time="147.077" errors="0">
  <testcase name="suiteRunner" time="147.077" classname="suite.runner.CustomSuiteRunner"/>
>>>>>>> refs/heads/master
</testsuite> <!-- suite.runner.CustomSuiteRunner -->
