<?xml version="1.0" encoding="UTF-8"?>
<!-- Generated by org.testng.reporters.JUnitReportReporter -->
<testsuite hostname="DSCHD-015" name="suite.runner.CustomSuiteRunner" tests="1" failures="0" timestamp="10 Nov 2016 14:04:31 GMT" time="30.223" errors="0">
  <testcase name="suiteRunner" time="30.223" classname="suite.runner.CustomSuiteRunner"/>
</testsuite> <!-- suite.runner.CustomSuiteRunner -->
